Logfile initialized
[INFO] logfile = /Users/adecena/Documents/Titanium Studio Workspace/TodoListACS/build.log
[DEBUG] /Library/Application Support/Titanium/mobilesdk/osx/2.1.3.GA/android/builder.py simulator TodoListACS /Users/adecena/android-sdk-mac_x86 /Users/adecena/Documents/Titanium Studio Workspace/TodoListACS com.appcelerator.todoacs 9 HVGA 
[INFO] Building TodoListACS for Android ... one moment
[INFO] Titanium SDK version: 2.1.3 (10/02/12 16:16 15997d0)
[DEBUG] Waiting for device to be ready ...
[TRACE] adb devices returned 1 devices/emulators
[DEBUG] Device connected... (waited 0 seconds)
[DEBUG] waited 0.053007 seconds on emulator to get ready
[DEBUG] com.appcelerator.todoacs installed? True
[INFO] Fastdev server running, deploying in Fastdev mode
[INFO] Copying CommonJS modules...
[INFO] Copying project resources..
[TRACE] COPYING MODIFIED FILE: /Users/adecena/Documents/Titanium Studio Workspace/TodoListACS/Resources/ui/ApplicationTabGroup.js => /Users/adecena/Documents/Titanium Studio Workspace/TodoListACS/build/android/bin/assets/Resources/ui/ApplicationTabGroup.js
[INFO] Tiapp.xml unchanged, skipping class generation
[DEBUG] Processing Android resource drawables
[DEBUG] found drawable-long-land-hdpi splash screen at /Users/adecena/Documents/Titanium Studio Workspace/TodoListACS/Resources/android/images/res-long-land-hdpi/default.png
[DEBUG] found drawable-long-land-ldpi splash screen at /Users/adecena/Documents/Titanium Studio Workspace/TodoListACS/Resources/android/images/res-long-land-ldpi/default.png
[DEBUG] found drawable-long-port-hdpi splash screen at /Users/adecena/Documents/Titanium Studio Workspace/TodoListACS/Resources/android/images/res-long-port-hdpi/default.png
[DEBUG] found drawable-long-port-ldpi splash screen at /Users/adecena/Documents/Titanium Studio Workspace/TodoListACS/Resources/android/images/res-long-port-ldpi/default.png
[DEBUG] found drawable-notlong-land-hdpi splash screen at /Users/adecena/Documents/Titanium Studio Workspace/TodoListACS/Resources/android/images/res-notlong-land-hdpi/default.png
[DEBUG] found drawable-notlong-land-ldpi splash screen at /Users/adecena/Documents/Titanium Studio Workspace/TodoListACS/Resources/android/images/res-notlong-land-ldpi/default.png
[DEBUG] found drawable-notlong-land-mdpi splash screen at /Users/adecena/Documents/Titanium Studio Workspace/TodoListACS/Resources/android/images/res-notlong-land-mdpi/default.png
[DEBUG] found drawable-notlong-port-hdpi splash screen at /Users/adecena/Documents/Titanium Studio Workspace/TodoListACS/Resources/android/images/res-notlong-port-hdpi/default.png
[DEBUG] found drawable-notlong-port-ldpi splash screen at /Users/adecena/Documents/Titanium Studio Workspace/TodoListACS/Resources/android/images/res-notlong-port-ldpi/default.png
[DEBUG] found drawable-notlong-port-mdpi splash screen at /Users/adecena/Documents/Titanium Studio Workspace/TodoListACS/Resources/android/images/res-notlong-port-mdpi/default.png
[INFO] Waiting for SDCard to become available..
[INFO] Re-launching application ... TodoListACS
[INFO] Launching application ... TodoListACS
[TRACE] Launch output: Starting: Intent { act=android.intent.action.MAIN cat=[android.intent.category.LAUNCHER] flg=0x10200000 cmp=com.appcelerator.todoacs/.TodolistacsActivity }
Warning: Activity not started, its current task has been brought to the front

[INFO] Android Emulator has exited
